Arguments: 
  C:\Program Files\nodejs\node.exe C:\Users\Nyoung\AppData\Roaming\npm\node_modules\yarn\bin\yarn.js add @headlessui/react

PATH: 
  C:\Python310\Scripts\;C:\Python310\;C:\Python27\;C:\Python27\Scripts;C:\Program Files\Common Files\Oracle\Java\javapath;C:\Program Files (x86)\Common Files\Oracle\Java\javapath;C:\Python38\Scripts\;C:\Python38\;C:\Windows\system32;C:\Windows;C:\Windows\System32\Wbem;C:\Windows\System32\WindowsPowerShell\v1.0\;C:\Windows\System32\OpenSSH\;C:\Program Files (x86)\NVIDIA Corporation\PhysX\Common;C:\Program Files\NVIDIA Corporation\NVIDIA NvDLISR;C:\ProgramData\chocolatey\bin;C:\Program Files\dotnet\;C:\Program Files\Microsoft SQL Server\130\Tools\Binn\;C:\Program Files\Microsoft SQL Server\Client SDK\ODBC\170\Tools\Binn\;C:\Users\Nyoung\.dnx\bin;C:\Program Files\Microsoft DNX\Dnvm\;C:\Program Files\Docker\Docker\resources\bin;C:\ProgramData\DockerDesktop\version-bin;D:\Git\cmd;D:\SDK\platform-tools;D:\SDK\tools;C:\Program Files\Java\jdk1.8.0_211\bin;C:\Program Files\nodejs\;C:\WINDOWS\system32;C:\WINDOWS;C:\WINDOWS\System32\Wbem;C:\WINDOWS\System32\WindowsPowerShell\v1.0\;C:\WINDOWS\System32\OpenSSH\;C:\Users\으녕\AppData\Local\Programs\Python\Python38\Scripts\;C:\Users\으녕\AppData\Local\Programs\Python\Python38\;C:\Users\Nyoung\AppData\Local\Microsoft\WindowsApps;C:\Users\으녕\AppData\Local\Programs\Microsoft VS Code\bin;C:\Users\으녕\AppData\Roaming\npm;C:\Users\Nyoung\.dotnet\tools;C:\Users\으녕\AppData\Local\GitHubDesktop\bin;D:\SDK\platform-tools;C:\Users\Nyoung\AppData\Roaming\npm;

Yarn version: 
  1.22.17

Node version: 
  16.13.0

Platform: 
  win32 x64

Trace: 
  Error: EPERM: operation not permitted, unlink 'D:\Portfolio\tailwind\tailwind\node_modules\@next\swc-win32-x64-msvc\next-swc.win32-x64-msvc.node'

npm manifest: 
  {
    "name": "toss-main",
    "version": "0.1.0",
    "private": true,
    "scripts": {
      "dev": "next dev",
      "build": "next build",
      "start": "next start",
      "lint": "next lint"
    },
    "dependencies": {
      "next": "12.1.0",
      "react": "17.0.2",
      "react-dom": "17.0.2"
    },
    "devDependencies": {
      "autoprefixer": "^10.4.2",
      "eslint": "^8.10.0",
      "eslint-config-airbnb": "^19.0.4",
      "eslint-config-next": "12.1.0",
      "eslint-plugin-import": "^2.25.4",
      "eslint-plugin-jsx-a11y": "^6.5.1",
      "eslint-plugin-react": "^7.29.3",
      "eslint-plugin-react-hooks": "^4.3.0",
      "postcss": "^8.4.8",
      "tailwindcss": "^3.0.23"
    }
  }

yarn manifest: 
  No manifest

Lockfile: 
  No lockfile
